2013/03/16 11:01:12 [error] [exception.CDbException] could not find driver
2013/03/16 11:01:12 [error] [exception.CDbException] exception 'CDbException' with message 'CDbConnection failed to open the DB connection.' in X:\home\yii\trunk\framework\db\CDbConnection.php:387
Stack trace:
#0 X:\home\yii\trunk\framework\db\CDbConnection.php(330): CDbConnection->open()
#1 X:\home\yii\trunk\framework\db\CDbConnection.php(308): CDbConnection->setActive(true)
#2 X:\home\yii\trunk\framework\base\CModule.php(387): CDbConnection->init()
#3 X:\home\yii\trunk\framework\base\CApplication.php(438): CModule->getComponent('db')
#4 X:\home\yii\trunk\framework\db\ar\CActiveRecord.php(623): CApplication->getDb()
#5 X:\home\yii\trunk\framework\db\ar\CActiveRecord.php(2309): CActiveRecord->getDbConnection()
#6 X:\home\yii\trunk\framework\db\ar\CActiveRecord.php(387): CActiveRecordMetaData->__construct(Object(Post))
#7 X:\home\yii\trunk\framework\web\CActiveDataProvider.php(74): CActiveRecord::model('Post')
#8 X:\home\yii\trunk\demos\blog\protected\controllers\PostController.php(132): CActiveDataProvider->__construct('Post', Array)
#9 X:\home\yii\trunk\framework\web\actions\CInlineAction.php(49): PostController->actionIndex()
#10 X:\home\yii\trunk\framework\web\CController.php(308): CInlineAction->runWithParams(Array)
#11 X:\home\yii\trunk\framework\web\filters\CFilterChain.php(133): CController->runAction(Object(CInlineAction))
#12 X:\home\yii\trunk\framework\web\filters\CFilter.php(40): CFilterChain->run()
#13 X:\home\yii\trunk\framework\web\CController.php(1145): CFilter->filter(Object(CFilterChain))
#14 X:\home\yii\trunk\framework\web\filters\CInlineFilter.php(58): CController->filterAccessControl(Object(CFilterChain))
#15 X:\home\yii\trunk\framework\web\filters\CFilterChain.php(130): CInlineFilter->filter(Object(CFilterChain))
#16 X:\home\yii\trunk\framework\web\CController.php(291): CFilterChain->run()
#17 X:\home\yii\trunk\framework\web\CController.php(265): CController->runActionWithFilters(Object(CInlineAction), Array)
#18 X:\home\yii\trunk\framework\web\CWebApplication.php(282): CController->run('')
#19 X:\home\yii\trunk\framework\web\CWebApplication.php(141): CWebApplication->runController('')
#20 X:\home\yii\trunk\framework\base\CApplication.php(169): CWebApplication->processRequest()
#21 X:\home\yii\trunk\demos\blog\index.php(11): CApplication->run()
#22 {main}
REQUEST_URI=/demos/blog/
HTTP_REFERER=http://www.trunk.yii/demos/
---
2013/03/16 11:01:15 [error] [exception.CDbException] could not find driver
2013/03/16 11:01:15 [error] [exception.CDbException] exception 'CDbException' with message 'CDbConnection failed to open the DB connection.' in X:\home\yii\trunk\framework\db\CDbConnection.php:387
Stack trace:
#0 X:\home\yii\trunk\framework\db\CDbConnection.php(330): CDbConnection->open()
#1 X:\home\yii\trunk\framework\db\CDbConnection.php(308): CDbConnection->setActive(true)
#2 X:\home\yii\trunk\framework\base\CModule.php(387): CDbConnection->init()
#3 X:\home\yii\trunk\framework\base\CApplication.php(438): CModule->getComponent('db')
#4 X:\home\yii\trunk\framework\db\ar\CActiveRecord.php(623): CApplication->getDb()
#5 X:\home\yii\trunk\framework\db\ar\CActiveRecord.php(2309): CActiveRecord->getDbConnection()
#6 X:\home\yii\trunk\framework\db\ar\CActiveRecord.php(387): CActiveRecordMetaData->__construct(Object(Post))
#7 X:\home\yii\trunk\framework\web\CActiveDataProvider.php(74): CActiveRecord::model('Post')
#8 X:\home\yii\trunk\demos\blog\protected\controllers\PostController.php(132): CActiveDataProvider->__construct('Post', Array)
#9 X:\home\yii\trunk\framework\web\actions\CInlineAction.php(49): PostController->actionIndex()
#10 X:\home\yii\trunk\framework\web\CController.php(308): CInlineAction->runWithParams(Array)
#11 X:\home\yii\trunk\framework\web\filters\CFilterChain.php(133): CController->runAction(Object(CInlineAction))
#12 X:\home\yii\trunk\framework\web\filters\CFilter.php(40): CFilterChain->run()
#13 X:\home\yii\trunk\framework\web\CController.php(1145): CFilter->filter(Object(CFilterChain))
#14 X:\home\yii\trunk\framework\web\filters\CInlineFilter.php(58): CController->filterAccessControl(Object(CFilterChain))
#15 X:\home\yii\trunk\framework\web\filters\CFilterChain.php(130): CInlineFilter->filter(Object(CFilterChain))
#16 X:\home\yii\trunk\framework\web\CController.php(291): CFilterChain->run()
#17 X:\home\yii\trunk\framework\web\CController.php(265): CController->runActionWithFilters(Object(CInlineAction), Array)
#18 X:\home\yii\trunk\framework\web\CWebApplication.php(282): CController->run('index')
#19 X:\home\yii\trunk\framework\web\CWebApplication.php(141): CWebApplication->runController('post/index')
#20 X:\home\yii\trunk\framework\base\CApplication.php(169): CWebApplication->processRequest()
#21 X:\home\yii\trunk\demos\blog\index.php(11): CApplication->run()
#22 {main}
REQUEST_URI=/demos/blog/index.php/post/index
HTTP_REFERER=http://www.trunk.yii/demos/blog/
---
2013/03/16 11:01:21 [error] [exception.CHttpException.500] exception 'CHttpException' with message 'This application requires that PHP was compiled with Blowfish support for crypt().' in X:\home\yii\trunk\demos\blog\protected\controllers\SiteController.php:66
Stack trace:
#0 X:\home\yii\trunk\framework\web\actions\CInlineAction.php(49): SiteController->actionLogin()
#1 X:\home\yii\trunk\framework\web\CController.php(308): CInlineAction->runWithParams(Array)
#2 X:\home\yii\trunk\framework\web\CController.php(286): CController->runAction(Object(CInlineAction))
#3 X:\home\yii\trunk\framework\web\CController.php(265): CController->runActionWithFilters(Object(CInlineAction), Array)
#4 X:\home\yii\trunk\framework\web\CWebApplication.php(282): CController->run('login')
#5 X:\home\yii\trunk\framework\web\CWebApplication.php(141): CWebApplication->runController('site/login')
#6 X:\home\yii\trunk\framework\base\CApplication.php(169): CWebApplication->processRequest()
#7 X:\home\yii\trunk\demos\blog\index.php(11): CApplication->run()
#8 {main}
REQUEST_URI=/demos/blog/index.php/site/login
HTTP_REFERER=http://www.trunk.yii/demos/blog/index.php/site/contact
---
2013/03/16 11:01:24 [error] [exception.CDbException] could not find driver
2013/03/16 11:01:24 [error] [exception.CDbException] exception 'CDbException' with message 'CDbConnection failed to open the DB connection.' in X:\home\yii\trunk\framework\db\CDbConnection.php:387
Stack trace:
#0 X:\home\yii\trunk\framework\db\CDbConnection.php(330): CDbConnection->open()
#1 X:\home\yii\trunk\framework\db\CDbConnection.php(308): CDbConnection->setActive(true)
#2 X:\home\yii\trunk\framework\base\CModule.php(387): CDbConnection->init()
#3 X:\home\yii\trunk\framework\base\CApplication.php(438): CModule->getComponent('db')
#4 X:\home\yii\trunk\framework\db\ar\CActiveRecord.php(623): CApplication->getDb()
#5 X:\home\yii\trunk\framework\db\ar\CActiveRecord.php(2309): CActiveRecord->getDbConnection()
#6 X:\home\yii\trunk\framework\db\ar\CActiveRecord.php(387): CActiveRecordMetaData->__construct(Object(Post))
#7 X:\home\yii\trunk\framework\web\CActiveDataProvider.php(74): CActiveRecord::model('Post')
#8 X:\home\yii\trunk\demos\blog\protected\controllers\PostController.php(132): CActiveDataProvider->__construct('Post', Array)
#9 X:\home\yii\trunk\framework\web\actions\CInlineAction.php(49): PostController->actionIndex()
#10 X:\home\yii\trunk\framework\web\CController.php(308): CInlineAction->runWithParams(Array)
#11 X:\home\yii\trunk\framework\web\filters\CFilterChain.php(133): CController->runAction(Object(CInlineAction))
#12 X:\home\yii\trunk\framework\web\filters\CFilter.php(40): CFilterChain->run()
#13 X:\home\yii\trunk\framework\web\CController.php(1145): CFilter->filter(Object(CFilterChain))
#14 X:\home\yii\trunk\framework\web\filters\CInlineFilter.php(58): CController->filterAccessControl(Object(CFilterChain))
#15 X:\home\yii\trunk\framework\web\filters\CFilterChain.php(130): CInlineFilter->filter(Object(CFilterChain))
#16 X:\home\yii\trunk\framework\web\CController.php(291): CFilterChain->run()
#17 X:\home\yii\trunk\framework\web\CController.php(265): CController->runActionWithFilters(Object(CInlineAction), Array)
#18 X:\home\yii\trunk\framework\web\CWebApplication.php(282): CController->run('index')
#19 X:\home\yii\trunk\framework\web\CWebApplication.php(141): CWebApplication->runController('post/index')
#20 X:\home\yii\trunk\framework\base\CApplication.php(169): CWebApplication->processRequest()
#21 X:\home\yii\trunk\demos\blog\index.php(11): CApplication->run()
#22 {main}
REQUEST_URI=/demos/blog/index.php/post/index
HTTP_REFERER=http://www.trunk.yii/demos/blog/index.php/site/page?view=about
---
2013/03/16 11:05:32 [error] [exception.CDbException] could not find driver
2013/03/16 11:05:32 [error] [exception.CDbException] exception 'CDbException' with message 'CDbConnection failed to open the DB connection.' in X:\home\yiitest\trunk\core\db\CDbConnection.php:387
Stack trace:
#0 X:\home\yiitest\trunk\core\db\CDbConnection.php(330): CDbConnection->open()
#1 X:\home\yiitest\trunk\core\db\CDbConnection.php(308): CDbConnection->setActive(true)
#2 X:\home\yiitest\trunk\core\base\CModule.php(387): CDbConnection->init()
#3 X:\home\yiitest\trunk\core\base\CApplication.php(438): CModule->getComponent('db')
#4 X:\home\yiitest\trunk\core\db\ar\CActiveRecord.php(623): CApplication->getDb()
#5 X:\home\yiitest\trunk\core\db\ar\CActiveRecord.php(2309): CActiveRecord->getDbConnection()
#6 X:\home\yiitest\trunk\core\db\ar\CActiveRecord.php(387): CActiveRecordMetaData->__construct(Object(Post))
#7 X:\home\yiitest\trunk\core\web\CActiveDataProvider.php(74): CActiveRecord::model('Post')
#8 X:\home\yiitest\trunk\protected\controllers\PostController.php(132): CActiveDataProvider->__construct('Post', Array)
#9 X:\home\yiitest\trunk\core\web\actions\CInlineAction.php(49): PostController->actionIndex()
#10 X:\home\yiitest\trunk\core\web\CController.php(308): CInlineAction->runWithParams(Array)
#11 X:\home\yiitest\trunk\core\web\filters\CFilterChain.php(133): CController->runAction(Object(CInlineAction))
#12 X:\home\yiitest\trunk\core\web\filters\CFilter.php(40): CFilterChain->run()
#13 X:\home\yiitest\trunk\core\web\CController.php(1145): CFilter->filter(Object(CFilterChain))
#14 X:\home\yiitest\trunk\core\web\filters\CInlineFilter.php(58): CController->filterAccessControl(Object(CFilterChain))
#15 X:\home\yiitest\trunk\core\web\filters\CFilterChain.php(130): CInlineFilter->filter(Object(CFilterChain))
#16 X:\home\yiitest\trunk\core\web\CController.php(291): CFilterChain->run()
#17 X:\home\yiitest\trunk\core\web\CController.php(265): CController->runActionWithFilters(Object(CInlineAction), Array)
#18 X:\home\yiitest\trunk\core\web\CWebApplication.php(282): CController->run('')
#19 X:\home\yiitest\trunk\core\web\CWebApplication.php(141): CWebApplication->runController('')
#20 X:\home\yiitest\trunk\core\base\CApplication.php(169): CWebApplication->processRequest()
#21 X:\home\yiitest\trunk\index.php(11): CApplication->run()
#22 {main}
REQUEST_URI=/
---
2013/03/16 11:05:38 [error] [exception.CDbException] could not find driver
2013/03/16 11:05:38 [error] [exception.CDbException] exception 'CDbException' with message 'CDbConnection failed to open the DB connection.' in X:\home\yiitest\trunk\core\db\CDbConnection.php:387
Stack trace:
#0 X:\home\yiitest\trunk\core\db\CDbConnection.php(330): CDbConnection->open()
#1 X:\home\yiitest\trunk\core\db\CDbConnection.php(308): CDbConnection->setActive(true)
#2 X:\home\yiitest\trunk\core\base\CModule.php(387): CDbConnection->init()
#3 X:\home\yiitest\trunk\core\base\CApplication.php(438): CModule->getComponent('db')
#4 X:\home\yiitest\trunk\core\db\ar\CActiveRecord.php(623): CApplication->getDb()
#5 X:\home\yiitest\trunk\core\db\ar\CActiveRecord.php(2309): CActiveRecord->getDbConnection()
#6 X:\home\yiitest\trunk\core\db\ar\CActiveRecord.php(387): CActiveRecordMetaData->__construct(Object(Post))
#7 X:\home\yiitest\trunk\core\web\CActiveDataProvider.php(74): CActiveRecord::model('Post')
#8 X:\home\yiitest\trunk\protected\controllers\PostController.php(132): CActiveDataProvider->__construct('Post', Array)
#9 X:\home\yiitest\trunk\core\web\actions\CInlineAction.php(49): PostController->actionIndex()
#10 X:\home\yiitest\trunk\core\web\CController.php(308): CInlineAction->runWithParams(Array)
#11 X:\home\yiitest\trunk\core\web\filters\CFilterChain.php(133): CController->runAction(Object(CInlineAction))
#12 X:\home\yiitest\trunk\core\web\filters\CFilter.php(40): CFilterChain->run()
#13 X:\home\yiitest\trunk\core\web\CController.php(1145): CFilter->filter(Object(CFilterChain))
#14 X:\home\yiitest\trunk\core\web\filters\CInlineFilter.php(58): CController->filterAccessControl(Object(CFilterChain))
#15 X:\home\yiitest\trunk\core\web\filters\CFilterChain.php(130): CInlineFilter->filter(Object(CFilterChain))
#16 X:\home\yiitest\trunk\core\web\CController.php(291): CFilterChain->run()
#17 X:\home\yiitest\trunk\core\web\CController.php(265): CController->runActionWithFilters(Object(CInlineAction), Array)
#18 X:\home\yiitest\trunk\core\web\CWebApplication.php(282): CController->run('index')
#19 X:\home\yiitest\trunk\core\web\CWebApplication.php(141): CWebApplication->runController('post/index')
#20 X:\home\yiitest\trunk\core\base\CApplication.php(169): CWebApplication->processRequest()
#21 X:\home\yiitest\trunk\index.php(11): CApplication->run()
#22 {main}
REQUEST_URI=/index.php/post/index
HTTP_REFERER=http://trunk.yiitest/index.php/site/contact
---
2013/03/16 11:05:38 [error] [exception.CHttpException.500] exception 'CHttpException' with message 'This application requires that PHP was compiled with Blowfish support for crypt().' in X:\home\yiitest\trunk\protected\controllers\SiteController.php:66
Stack trace:
#0 X:\home\yiitest\trunk\core\web\actions\CInlineAction.php(49): SiteController->actionLogin()
#1 X:\home\yiitest\trunk\core\web\CController.php(308): CInlineAction->runWithParams(Array)
#2 X:\home\yiitest\trunk\core\web\CController.php(286): CController->runAction(Object(CInlineAction))
#3 X:\home\yiitest\trunk\core\web\CController.php(265): CController->runActionWithFilters(Object(CInlineAction), Array)
#4 X:\home\yiitest\trunk\core\web\CWebApplication.php(282): CController->run('login')
#5 X:\home\yiitest\trunk\core\web\CWebApplication.php(141): CWebApplication->runController('site/login')
#6 X:\home\yiitest\trunk\core\base\CApplication.php(169): CWebApplication->processRequest()
#7 X:\home\yiitest\trunk\index.php(11): CApplication->run()
#8 {main}
REQUEST_URI=/index.php/site/login
HTTP_REFERER=http://trunk.yiitest/index.php/post/index
---
2013/03/16 11:05:41 [error] [exception.CHttpException.500] exception 'CHttpException' with message 'This application requires that PHP was compiled with Blowfish support for crypt().' in X:\home\yiitest\trunk\protected\controllers\SiteController.php:66
Stack trace:
#0 X:\home\yiitest\trunk\core\web\actions\CInlineAction.php(49): SiteController->actionLogin()
#1 X:\home\yiitest\trunk\core\web\CController.php(308): CInlineAction->runWithParams(Array)
#2 X:\home\yiitest\trunk\core\web\CController.php(286): CController->runAction(Object(CInlineAction))
#3 X:\home\yiitest\trunk\core\web\CController.php(265): CController->runActionWithFilters(Object(CInlineAction), Array)
#4 X:\home\yiitest\trunk\core\web\CWebApplication.php(282): CController->run('login')
#5 X:\home\yiitest\trunk\core\web\CWebApplication.php(141): CWebApplication->runController('site/login')
#6 X:\home\yiitest\trunk\core\base\CApplication.php(169): CWebApplication->processRequest()
#7 X:\home\yiitest\trunk\index.php(11): CApplication->run()
#8 {main}
REQUEST_URI=/index.php/site/login
HTTP_REFERER=http://trunk.yiitest/index.php/site/contact
---
2013/03/16 11:05:48 [error] [exception.CDbException] could not find driver
2013/03/16 11:05:48 [error] [exception.CDbException] exception 'CDbException' with message 'CDbConnection failed to open the DB connection.' in X:\home\yiitest\trunk\core\db\CDbConnection.php:387
Stack trace:
#0 X:\home\yiitest\trunk\core\db\CDbConnection.php(330): CDbConnection->open()
#1 X:\home\yiitest\trunk\core\db\CDbConnection.php(308): CDbConnection->setActive(true)
#2 X:\home\yiitest\trunk\core\base\CModule.php(387): CDbConnection->init()
#3 X:\home\yiitest\trunk\core\base\CApplication.php(438): CModule->getComponent('db')
#4 X:\home\yiitest\trunk\core\db\ar\CActiveRecord.php(623): CApplication->getDb()
#5 X:\home\yiitest\trunk\core\db\ar\CActiveRecord.php(2309): CActiveRecord->getDbConnection()
#6 X:\home\yiitest\trunk\core\db\ar\CActiveRecord.php(387): CActiveRecordMetaData->__construct(Object(Post))
#7 X:\home\yiitest\trunk\core\web\CActiveDataProvider.php(74): CActiveRecord::model('Post')
#8 X:\home\yiitest\trunk\protected\controllers\PostController.php(132): CActiveDataProvider->__construct('Post', Array)
#9 X:\home\yiitest\trunk\core\web\actions\CInlineAction.php(49): PostController->actionIndex()
#10 X:\home\yiitest\trunk\core\web\CController.php(308): CInlineAction->runWithParams(Array)
#11 X:\home\yiitest\trunk\core\web\filters\CFilterChain.php(133): CController->runAction(Object(CInlineAction))
#12 X:\home\yiitest\trunk\core\web\filters\CFilter.php(40): CFilterChain->run()
#13 X:\home\yiitest\trunk\core\web\CController.php(1145): CFilter->filter(Object(CFilterChain))
#14 X:\home\yiitest\trunk\core\web\filters\CInlineFilter.php(58): CController->filterAccessControl(Object(CFilterChain))
#15 X:\home\yiitest\trunk\core\web\filters\CFilterChain.php(130): CInlineFilter->filter(Object(CFilterChain))
#16 X:\home\yiitest\trunk\core\web\CController.php(291): CFilterChain->run()
#17 X:\home\yiitest\trunk\core\web\CController.php(265): CController->runActionWithFilters(Object(CInlineAction), Array)
#18 X:\home\yiitest\trunk\core\web\CWebApplication.php(282): CController->run('index')
#19 X:\home\yiitest\trunk\core\web\CWebApplication.php(141): CWebApplication->runController('post/index')
#20 X:\home\yiitest\trunk\core\base\CApplication.php(169): CWebApplication->processRequest()
#21 X:\home\yiitest\trunk\index.php(11): CApplication->run()
#22 {main}
REQUEST_URI=/index.php/post/index
HTTP_REFERER=http://trunk.yiitest/index.php/site/page?view=about
---
2013/03/16 11:15:15 [error] [exception.CDbException] SQLSTATE[42000] [1049] Unknown database 'yiitest'
2013/03/16 11:15:15 [error] [exception.CDbException] exception 'CDbException' with message 'CDbConnection failed to open the DB connection.' in X:\home\yiitest\trunk\core\db\CDbConnection.php:387
Stack trace:
#0 X:\home\yiitest\trunk\core\db\CDbConnection.php(330): CDbConnection->open()
#1 X:\home\yiitest\trunk\core\db\CDbConnection.php(308): CDbConnection->setActive(true)
#2 X:\home\yiitest\trunk\core\base\CModule.php(387): CDbConnection->init()
#3 X:\home\yiitest\trunk\core\base\CApplication.php(438): CModule->getComponent('db')
#4 X:\home\yiitest\trunk\core\db\ar\CActiveRecord.php(623): CApplication->getDb()
#5 X:\home\yiitest\trunk\core\db\ar\CActiveRecord.php(2309): CActiveRecord->getDbConnection()
#6 X:\home\yiitest\trunk\core\db\ar\CActiveRecord.php(387): CActiveRecordMetaData->__construct(Object(Post))
#7 X:\home\yiitest\trunk\core\web\CActiveDataProvider.php(74): CActiveRecord::model('Post')
#8 X:\home\yiitest\trunk\protected\controllers\PostController.php(132): CActiveDataProvider->__construct('Post', Array)
#9 X:\home\yiitest\trunk\core\web\actions\CInlineAction.php(49): PostController->actionIndex()
#10 X:\home\yiitest\trunk\core\web\CController.php(308): CInlineAction->runWithParams(Array)
#11 X:\home\yiitest\trunk\core\web\filters\CFilterChain.php(133): CController->runAction(Object(CInlineAction))
#12 X:\home\yiitest\trunk\core\web\filters\CFilter.php(40): CFilterChain->run()
#13 X:\home\yiitest\trunk\core\web\CController.php(1145): CFilter->filter(Object(CFilterChain))
#14 X:\home\yiitest\trunk\core\web\filters\CInlineFilter.php(58): CController->filterAccessControl(Object(CFilterChain))
#15 X:\home\yiitest\trunk\core\web\filters\CFilterChain.php(130): CInlineFilter->filter(Object(CFilterChain))
#16 X:\home\yiitest\trunk\core\web\CController.php(291): CFilterChain->run()
#17 X:\home\yiitest\trunk\core\web\CController.php(265): CController->runActionWithFilters(Object(CInlineAction), Array)
#18 X:\home\yiitest\trunk\core\web\CWebApplication.php(282): CController->run('index')
#19 X:\home\yiitest\trunk\core\web\CWebApplication.php(141): CWebApplication->runController('post/index')
#20 X:\home\yiitest\trunk\core\base\CApplication.php(169): CWebApplication->processRequest()
#21 X:\home\yiitest\trunk\index.php(11): CApplication->run()
#22 {main}
REQUEST_URI=/index.php/post/index
HTTP_REFERER=http://trunk.yiitest/index.php/site/page?view=about
---
2013/03/16 11:15:16 [error] [exception.CHttpException.500] exception 'CHttpException' with message 'This application requires that PHP was compiled with Blowfish support for crypt().' in X:\home\yiitest\trunk\protected\controllers\SiteController.php:66
Stack trace:
#0 X:\home\yiitest\trunk\core\web\actions\CInlineAction.php(49): SiteController->actionLogin()
#1 X:\home\yiitest\trunk\core\web\CController.php(308): CInlineAction->runWithParams(Array)
#2 X:\home\yiitest\trunk\core\web\CController.php(286): CController->runAction(Object(CInlineAction))
#3 X:\home\yiitest\trunk\core\web\CController.php(265): CController->runActionWithFilters(Object(CInlineAction), Array)
#4 X:\home\yiitest\trunk\core\web\CWebApplication.php(282): CController->run('login')
#5 X:\home\yiitest\trunk\core\web\CWebApplication.php(141): CWebApplication->runController('site/login')
#6 X:\home\yiitest\trunk\core\base\CApplication.php(169): CWebApplication->processRequest()
#7 X:\home\yiitest\trunk\index.php(11): CApplication->run()
#8 {main}
REQUEST_URI=/index.php/site/login
HTTP_REFERER=http://trunk.yiitest/index.php/post/index
---
2013/03/16 11:19:09 [error] [exception.CHttpException.500] exception 'CHttpException' with message 'This application requires that PHP was compiled with Blowfish support for crypt().' in X:\home\yiitest\trunk\protected\controllers\SiteController.php:66
Stack trace:
#0 X:\home\yiitest\trunk\core\web\actions\CInlineAction.php(49): SiteController->actionLogin()
#1 X:\home\yiitest\trunk\core\web\CController.php(308): CInlineAction->runWithParams(Array)
#2 X:\home\yiitest\trunk\core\web\CController.php(286): CController->runAction(Object(CInlineAction))
#3 X:\home\yiitest\trunk\core\web\CController.php(265): CController->runActionWithFilters(Object(CInlineAction), Array)
#4 X:\home\yiitest\trunk\core\web\CWebApplication.php(282): CController->run('login')
#5 X:\home\yiitest\trunk\core\web\CWebApplication.php(141): CWebApplication->runController('site/login')
#6 X:\home\yiitest\trunk\core\base\CApplication.php(169): CWebApplication->processRequest()
#7 X:\home\yiitest\trunk\index.php(11): CApplication->run()
#8 {main}
REQUEST_URI=/index.php/site/login
HTTP_REFERER=http://trunk.yiitest/index.php/post/index
---
2013/03/16 11:19:41 [error] [exception.CHttpException.500] exception 'CHttpException' with message 'This application requires that PHP was compiled with Blowfish support for crypt().' in X:\home\yiitest\trunk\protected\controllers\SiteController.php:66
Stack trace:
#0 X:\home\yiitest\trunk\core\web\actions\CInlineAction.php(49): SiteController->actionLogin()
#1 X:\home\yiitest\trunk\core\web\CController.php(308): CInlineAction->runWithParams(Array)
#2 X:\home\yiitest\trunk\core\web\CController.php(286): CController->runAction(Object(CInlineAction))
#3 X:\home\yiitest\trunk\core\web\CController.php(265): CController->runActionWithFilters(Object(CInlineAction), Array)
#4 X:\home\yiitest\trunk\core\web\CWebApplication.php(282): CController->run('login')
#5 X:\home\yiitest\trunk\core\web\CWebApplication.php(141): CWebApplication->runController('site/login')
#6 X:\home\yiitest\trunk\core\base\CApplication.php(169): CWebApplication->processRequest()
#7 X:\home\yiitest\trunk\index.php(11): CApplication->run()
#8 {main}
REQUEST_URI=/index.php/site/login
HTTP_REFERER=http://trunk.yiitest/index.php/post/index
---
2013/03/16 11:19:45 [error] [exception.CHttpException.500] exception 'CHttpException' with message 'This application requires that PHP was compiled with Blowfish support for crypt().' in X:\home\yiitest\trunk\protected\controllers\SiteController.php:66
Stack trace:
#0 X:\home\yiitest\trunk\core\web\actions\CInlineAction.php(49): SiteController->actionLogin()
#1 X:\home\yiitest\trunk\core\web\CController.php(308): CInlineAction->runWithParams(Array)
#2 X:\home\yiitest\trunk\core\web\CController.php(286): CController->runAction(Object(CInlineAction))
#3 X:\home\yiitest\trunk\core\web\CController.php(265): CController->runActionWithFilters(Object(CInlineAction), Array)
#4 X:\home\yiitest\trunk\core\web\CWebApplication.php(282): CController->run('login')
#5 X:\home\yiitest\trunk\core\web\CWebApplication.php(141): CWebApplication->runController('site/login')
#6 X:\home\yiitest\trunk\core\base\CApplication.php(169): CWebApplication->processRequest()
#7 X:\home\yiitest\trunk\index.php(11): CApplication->run()
#8 {main}
REQUEST_URI=/index.php/site/login
HTTP_REFERER=http://trunk.yiitest/index.php/site/contact
---
2013/03/16 11:19:47 [error] [system.db.CDbCommand] CDbCommand::fetchAll() failed: SQLSTATE[42S02]: Base table or view not found: 1146 Table 'yiitest.post' doesn't exist. The SQL statement executed was: SHOW FULL COLUMNS FROM `post`.
2013/03/16 11:19:47 [error] [exception.CDbException] exception 'CDbException' with message 'The table "{{post}}" for active record class "Post" cannot be found in the database.' in X:\home\yiitest\trunk\core\db\ar\CActiveRecord.php:2310
Stack trace:
#0 X:\home\yiitest\trunk\core\db\ar\CActiveRecord.php(387): CActiveRecordMetaData->__construct(Object(Post))
#1 X:\home\yiitest\trunk\core\web\CActiveDataProvider.php(74): CActiveRecord::model('Post')
#2 X:\home\yiitest\trunk\protected\controllers\PostController.php(132): CActiveDataProvider->__construct('Post', Array)
#3 X:\home\yiitest\trunk\core\web\actions\CInlineAction.php(49): PostController->actionIndex()
#4 X:\home\yiitest\trunk\core\web\CController.php(308): CInlineAction->runWithParams(Array)
#5 X:\home\yiitest\trunk\core\web\filters\CFilterChain.php(133): CController->runAction(Object(CInlineAction))
#6 X:\home\yiitest\trunk\core\web\filters\CFilter.php(40): CFilterChain->run()
#7 X:\home\yiitest\trunk\core\web\CController.php(1145): CFilter->filter(Object(CFilterChain))
#8 X:\home\yiitest\trunk\core\web\filters\CInlineFilter.php(58): CController->filterAccessControl(Object(CFilterChain))
#9 X:\home\yiitest\trunk\core\web\filters\CFilterChain.php(130): CInlineFilter->filter(Object(CFilterChain))
#10 X:\home\yiitest\trunk\core\web\CController.php(291): CFilterChain->run()
#11 X:\home\yiitest\trunk\core\web\CController.php(265): CController->runActionWithFilters(Object(CInlineAction), Array)
#12 X:\home\yiitest\trunk\core\web\CWebApplication.php(282): CController->run('index')
#13 X:\home\yiitest\trunk\core\web\CWebApplication.php(141): CWebApplication->runController('post/index')
#14 X:\home\yiitest\trunk\core\base\CApplication.php(169): CWebApplication->processRequest()
#15 X:\home\yiitest\trunk\index.php(11): CApplication->run()
#16 {main}
REQUEST_URI=/index.php/post/index
HTTP_REFERER=http://trunk.yiitest/index.php/site/page?view=about
---
2013/03/16 11:19:51 [error] [system.db.CDbCommand] CDbCommand::fetchAll() failed: SQLSTATE[42S02]: Base table or view not found: 1146 Table 'yiitest.post' doesn't exist. The SQL statement executed was: SHOW FULL COLUMNS FROM `post`.
2013/03/16 11:19:51 [error] [exception.CDbException] exception 'CDbException' with message 'The table "{{post}}" for active record class "Post" cannot be found in the database.' in X:\home\yiitest\trunk\core\db\ar\CActiveRecord.php:2310
Stack trace:
#0 X:\home\yiitest\trunk\core\db\ar\CActiveRecord.php(387): CActiveRecordMetaData->__construct(Object(Post))
#1 X:\home\yiitest\trunk\core\web\CActiveDataProvider.php(74): CActiveRecord::model('Post')
#2 X:\home\yiitest\trunk\protected\controllers\PostController.php(132): CActiveDataProvider->__construct('Post', Array)
#3 X:\home\yiitest\trunk\core\web\actions\CInlineAction.php(49): PostController->actionIndex()
#4 X:\home\yiitest\trunk\core\web\CController.php(308): CInlineAction->runWithParams(Array)
#5 X:\home\yiitest\trunk\core\web\filters\CFilterChain.php(133): CController->runAction(Object(CInlineAction))
#6 X:\home\yiitest\trunk\core\web\filters\CFilter.php(40): CFilterChain->run()
#7 X:\home\yiitest\trunk\core\web\CController.php(1145): CFilter->filter(Object(CFilterChain))
#8 X:\home\yiitest\trunk\core\web\filters\CInlineFilter.php(58): CController->filterAccessControl(Object(CFilterChain))
#9 X:\home\yiitest\trunk\core\web\filters\CFilterChain.php(130): CInlineFilter->filter(Object(CFilterChain))
#10 X:\home\yiitest\trunk\core\web\CController.php(291): CFilterChain->run()
#11 X:\home\yiitest\trunk\core\web\CController.php(265): CController->runActionWithFilters(Object(CInlineAction), Array)
#12 X:\home\yiitest\trunk\core\web\CWebApplication.php(282): CController->run('')
#13 X:\home\yiitest\trunk\core\web\CWebApplication.php(141): CWebApplication->runController('')
#14 X:\home\yiitest\trunk\core\base\CApplication.php(169): CWebApplication->processRequest()
#15 X:\home\yiitest\trunk\index.php(11): CApplication->run()
#16 {main}
REQUEST_URI=/
---
2013/03/16 11:19:52 [error] [system.db.CDbCommand] CDbCommand::fetchAll() failed: SQLSTATE[42S02]: Base table or view not found: 1146 Table 'yiitest.post' doesn't exist. The SQL statement executed was: SHOW FULL COLUMNS FROM `post`.
2013/03/16 11:19:52 [error] [exception.CDbException] exception 'CDbException' with message 'The table "{{post}}" for active record class "Post" cannot be found in the database.' in X:\home\yiitest\trunk\core\db\ar\CActiveRecord.php:2310
Stack trace:
#0 X:\home\yiitest\trunk\core\db\ar\CActiveRecord.php(387): CActiveRecordMetaData->__construct(Object(Post))
#1 X:\home\yiitest\trunk\core\web\CActiveDataProvider.php(74): CActiveRecord::model('Post')
#2 X:\home\yiitest\trunk\protected\controllers\PostController.php(132): CActiveDataProvider->__construct('Post', Array)
#3 X:\home\yiitest\trunk\core\web\actions\CInlineAction.php(49): PostController->actionIndex()
#4 X:\home\yiitest\trunk\core\web\CController.php(308): CInlineAction->runWithParams(Array)
#5 X:\home\yiitest\trunk\core\web\filters\CFilterChain.php(133): CController->runAction(Object(CInlineAction))
#6 X:\home\yiitest\trunk\core\web\filters\CFilter.php(40): CFilterChain->run()
#7 X:\home\yiitest\trunk\core\web\CController.php(1145): CFilter->filter(Object(CFilterChain))
#8 X:\home\yiitest\trunk\core\web\filters\CInlineFilter.php(58): CController->filterAccessControl(Object(CFilterChain))
#9 X:\home\yiitest\trunk\core\web\filters\CFilterChain.php(130): CInlineFilter->filter(Object(CFilterChain))
#10 X:\home\yiitest\trunk\core\web\CController.php(291): CFilterChain->run()
#11 X:\home\yiitest\trunk\core\web\CController.php(265): CController->runActionWithFilters(Object(CInlineAction), Array)
#12 X:\home\yiitest\trunk\core\web\CWebApplication.php(282): CController->run('index')
#13 X:\home\yiitest\trunk\core\web\CWebApplication.php(141): CWebApplication->runController('post/index')
#14 X:\home\yiitest\trunk\core\base\CApplication.php(169): CWebApplication->processRequest()
#15 X:\home\yiitest\trunk\index.php(11): CApplication->run()
#16 {main}
REQUEST_URI=/index.php/post/index
HTTP_REFERER=http://trunk.yiitest/
---
2013/03/16 11:19:54 [error] [exception.CHttpException.500] exception 'CHttpException' with message 'This application requires that PHP was compiled with Blowfish support for crypt().' in X:\home\yiitest\trunk\protected\controllers\SiteController.php:66
Stack trace:
#0 X:\home\yiitest\trunk\core\web\actions\CInlineAction.php(49): SiteController->actionLogin()
#1 X:\home\yiitest\trunk\core\web\CController.php(308): CInlineAction->runWithParams(Array)
#2 X:\home\yiitest\trunk\core\web\CController.php(286): CController->runAction(Object(CInlineAction))
#3 X:\home\yiitest\trunk\core\web\CController.php(265): CController->runActionWithFilters(Object(CInlineAction), Array)
#4 X:\home\yiitest\trunk\core\web\CWebApplication.php(282): CController->run('login')
#5 X:\home\yiitest\trunk\core\web\CWebApplication.php(141): CWebApplication->runController('site/login')
#6 X:\home\yiitest\trunk\core\base\CApplication.php(169): CWebApplication->processRequest()
#7 X:\home\yiitest\trunk\index.php(11): CApplication->run()
#8 {main}
REQUEST_URI=/index.php/site/login
HTTP_REFERER=http://trunk.yiitest/index.php/site/contact
---
2013/03/16 11:19:56 [error] [system.db.CDbCommand] CDbCommand::fetchAll() failed: SQLSTATE[42S02]: Base table or view not found: 1146 Table 'yiitest.post' doesn't exist. The SQL statement executed was: SHOW FULL COLUMNS FROM `post`.
2013/03/16 11:19:56 [error] [exception.CDbException] exception 'CDbException' with message 'The table "{{post}}" for active record class "Post" cannot be found in the database.' in X:\home\yiitest\trunk\core\db\ar\CActiveRecord.php:2310
Stack trace:
#0 X:\home\yiitest\trunk\core\db\ar\CActiveRecord.php(387): CActiveRecordMetaData->__construct(Object(Post))
#1 X:\home\yiitest\trunk\core\web\CActiveDataProvider.php(74): CActiveRecord::model('Post')
#2 X:\home\yiitest\trunk\protected\controllers\PostController.php(132): CActiveDataProvider->__construct('Post', Array)
#3 X:\home\yiitest\trunk\core\web\actions\CInlineAction.php(49): PostController->actionIndex()
#4 X:\home\yiitest\trunk\core\web\CController.php(308): CInlineAction->runWithParams(Array)
#5 X:\home\yiitest\trunk\core\web\filters\CFilterChain.php(133): CController->runAction(Object(CInlineAction))
#6 X:\home\yiitest\trunk\core\web\filters\CFilter.php(40): CFilterChain->run()
#7 X:\home\yiitest\trunk\core\web\CController.php(1145): CFilter->filter(Object(CFilterChain))
#8 X:\home\yiitest\trunk\core\web\filters\CInlineFilter.php(58): CController->filterAccessControl(Object(CFilterChain))
#9 X:\home\yiitest\trunk\core\web\filters\CFilterChain.php(130): CInlineFilter->filter(Object(CFilterChain))
#10 X:\home\yiitest\trunk\core\web\CController.php(291): CFilterChain->run()
#11 X:\home\yiitest\trunk\core\web\CController.php(265): CController->runActionWithFilters(Object(CInlineAction), Array)
#12 X:\home\yiitest\trunk\core\web\CWebApplication.php(282): CController->run('index')
#13 X:\home\yiitest\trunk\core\web\CWebApplication.php(141): CWebApplication->runController('post/index')
#14 X:\home\yiitest\trunk\core\base\CApplication.php(169): CWebApplication->processRequest()
#15 X:\home\yiitest\trunk\index.php(11): CApplication->run()
#16 {main}
REQUEST_URI=/index.php/post/index
HTTP_REFERER=http://trunk.yiitest/index.php/site/page?view=about
---
2013/03/16 11:19:58 [error] [system.db.CDbCommand] CDbCommand::fetchAll() failed: SQLSTATE[42S02]: Base table or view not found: 1146 Table 'yiitest.post' doesn't exist. The SQL statement executed was: SHOW FULL COLUMNS FROM `post`.
2013/03/16 11:19:58 [error] [exception.CDbException] exception 'CDbException' with message 'The table "{{post}}" for active record class "Post" cannot be found in the database.' in X:\home\yiitest\trunk\core\db\ar\CActiveRecord.php:2310
Stack trace:
#0 X:\home\yiitest\trunk\core\db\ar\CActiveRecord.php(387): CActiveRecordMetaData->__construct(Object(Post))
#1 X:\home\yiitest\trunk\core\web\CActiveDataProvider.php(74): CActiveRecord::model('Post')
#2 X:\home\yiitest\trunk\protected\controllers\PostController.php(132): CActiveDataProvider->__construct('Post', Array)
#3 X:\home\yiitest\trunk\core\web\actions\CInlineAction.php(49): PostController->actionIndex()
#4 X:\home\yiitest\trunk\core\web\CController.php(308): CInlineAction->runWithParams(Array)
#5 X:\home\yiitest\trunk\core\web\filters\CFilterChain.php(133): CController->runAction(Object(CInlineAction))
#6 X:\home\yiitest\trunk\core\web\filters\CFilter.php(40): CFilterChain->run()
#7 X:\home\yiitest\trunk\core\web\CController.php(1145): CFilter->filter(Object(CFilterChain))
#8 X:\home\yiitest\trunk\core\web\filters\CInlineFilter.php(58): CController->filterAccessControl(Object(CFilterChain))
#9 X:\home\yiitest\trunk\core\web\filters\CFilterChain.php(130): CInlineFilter->filter(Object(CFilterChain))
#10 X:\home\yiitest\trunk\core\web\CController.php(291): CFilterChain->run()
#11 X:\home\yiitest\trunk\core\web\CController.php(265): CController->runActionWithFilters(Object(CInlineAction), Array)
#12 X:\home\yiitest\trunk\core\web\CWebApplication.php(282): CController->run('')
#13 X:\home\yiitest\trunk\core\web\CWebApplication.php(141): CWebApplication->runController('')
#14 X:\home\yiitest\trunk\core\base\CApplication.php(169): CWebApplication->processRequest()
#15 X:\home\yiitest\trunk\index.php(11): CApplication->run()
#16 {main}
REQUEST_URI=/
---
2013/03/16 11:24:01 [error] [exception.CHttpException.404] exception 'CHttpException' with message 'The system is unable to find the requested action "actions".' in X:\home\yiitest\trunk\core\web\CController.php:483
Stack trace:
#0 X:\home\yiitest\trunk\core\web\CController.php(270): CController->missingAction('actions')
#1 X:\home\yiitest\trunk\core\web\CWebApplication.php(282): CController->run('actions')
#2 X:\home\yiitest\trunk\core\web\CWebApplication.php(141): CWebApplication->runController('site/actions')
#3 X:\home\yiitest\trunk\core\base\CApplication.php(169): CWebApplication->processRequest()
#4 X:\home\yiitest\trunk\index.php(11): CApplication->run()
#5 {main}
REQUEST_URI=/index.php/site/actions
---
2013/03/16 11:27:13 [error] [exception.CHttpException.404] exception 'CHttpException' with message 'The system is unable to find the requested action "test".' in X:\home\yiitest\trunk\core\web\CController.php:483
Stack trace:
#0 X:\home\yiitest\trunk\core\web\CController.php(270): CController->missingAction('test')
#1 X:\home\yiitest\trunk\core\web\CWebApplication.php(282): CController->run('test')
#2 X:\home\yiitest\trunk\core\web\CWebApplication.php(141): CWebApplication->runController('site/test')
#3 X:\home\yiitest\trunk\core\base\CApplication.php(169): CWebApplication->processRequest()
#4 X:\home\yiitest\trunk\index.php(11): CApplication->run()
#5 {main}
REQUEST_URI=/index.php/site/test
---
2013/03/16 11:27:21 [error] [exception.CHttpException.404] exception 'CHttpException' with message 'The system is unable to find the requested action "action".' in X:\home\yiitest\trunk\core\web\CController.php:483
Stack trace:
#0 X:\home\yiitest\trunk\core\web\CController.php(270): CController->missingAction('action')
#1 X:\home\yiitest\trunk\core\web\CWebApplication.php(282): CController->run('action')
#2 X:\home\yiitest\trunk\core\web\CWebApplication.php(141): CWebApplication->runController('chathandler/act...')
#3 X:\home\yiitest\trunk\core\base\CApplication.php(169): CWebApplication->processRequest()
#4 X:\home\yiitest\trunk\index.php(11): CApplication->run()
#5 {main}
REQUEST_URI=/index.php/chathandler/action
---
2013/03/16 11:27:30 [error] [exception.CException] exception 'CException' with message 'ChathandlerController cannot find the requested view "contact".' in X:\home\yiitest\trunk\core\web\CController.php:878
Stack trace:
#0 X:\home\yiitest\trunk\core\web\CController.php(782): CController->renderPartial('contact', Array, true)
#1 X:\home\yiitest\trunk\protected\controllers\ChathandlerController.php(23): CController->render('contact', Array)
#2 X:\home\yiitest\trunk\core\web\actions\CInlineAction.php(49): ChathandlerController->actionContact()
#3 X:\home\yiitest\trunk\core\web\CController.php(308): CInlineAction->runWithParams(Array)
#4 X:\home\yiitest\trunk\core\web\CController.php(286): CController->runAction(Object(CInlineAction))
#5 X:\home\yiitest\trunk\core\web\CController.php(265): CController->runActionWithFilters(Object(CInlineAction), Array)
#6 X:\home\yiitest\trunk\core\web\CWebApplication.php(282): CController->run('contact')
#7 X:\home\yiitest\trunk\core\web\CWebApplication.php(141): CWebApplication->runController('chathandler/con...')
#8 X:\home\yiitest\trunk\core\base\CApplication.php(169): CWebApplication->processRequest()
#9 X:\home\yiitest\trunk\index.php(11): CApplication->run()
#10 {main}
REQUEST_URI=/index.php/chathandler/contact
---
2013/03/16 11:28:00 [error] [exception.CException] exception 'CException' with message 'ChathandlerController cannot find the requested view "contact".' in X:\home\yiitest\trunk\core\web\CController.php:878
Stack trace:
#0 X:\home\yiitest\trunk\core\web\CController.php(782): CController->renderPartial('contact', Array, true)
#1 X:\home\yiitest\trunk\protected\controllers\ChathandlerController.php(23): CController->render('contact', Array)
#2 X:\home\yiitest\trunk\core\web\actions\CInlineAction.php(49): ChathandlerController->actionContact()
#3 X:\home\yiitest\trunk\core\web\CController.php(308): CInlineAction->runWithParams(Array)
#4 X:\home\yiitest\trunk\core\web\CController.php(286): CController->runAction(Object(CInlineAction))
#5 X:\home\yiitest\trunk\core\web\CController.php(265): CController->runActionWithFilters(Object(CInlineAction), Array)
#6 X:\home\yiitest\trunk\core\web\CWebApplication.php(282): CController->run('contact')
#7 X:\home\yiitest\trunk\core\web\CWebApplication.php(141): CWebApplication->runController('chathandler/con...')
#8 X:\home\yiitest\trunk\core\base\CApplication.php(169): CWebApplication->processRequest()
#9 X:\home\yiitest\trunk\index.php(11): CApplication->run()
#10 {main}
REQUEST_URI=/index.php/chathandler/contact
---
2013/03/16 11:36:52 [error] [system.db.CDbCommand] CDbCommand::fetchAll() failed: SQLSTATE[42S02]: Base table or view not found: 1146 Table 'yiitest.post' doesn't exist. The SQL statement executed was: SHOW FULL COLUMNS FROM `post`.
2013/03/16 11:36:52 [error] [exception.CDbException] exception 'CDbException' with message 'The table "{{post}}" for active record class "Post" cannot be found in the database.' in X:\home\yiitest\trunk\core\db\ar\CActiveRecord.php:2310
Stack trace:
#0 X:\home\yiitest\trunk\core\db\ar\CActiveRecord.php(387): CActiveRecordMetaData->__construct(Object(Post))
#1 X:\home\yiitest\trunk\core\web\CActiveDataProvider.php(74): CActiveRecord::model('Post')
#2 X:\home\yiitest\trunk\protected\controllers\PostController.php(132): CActiveDataProvider->__construct('Post', Array)
#3 X:\home\yiitest\trunk\core\web\actions\CInlineAction.php(49): PostController->actionIndex()
#4 X:\home\yiitest\trunk\core\web\CController.php(308): CInlineAction->runWithParams(Array)
#5 X:\home\yiitest\trunk\core\web\filters\CFilterChain.php(133): CController->runAction(Object(CInlineAction))
#6 X:\home\yiitest\trunk\core\web\filters\CFilter.php(40): CFilterChain->run()
#7 X:\home\yiitest\trunk\core\web\CController.php(1145): CFilter->filter(Object(CFilterChain))
#8 X:\home\yiitest\trunk\core\web\filters\CInlineFilter.php(58): CController->filterAccessControl(Object(CFilterChain))
#9 X:\home\yiitest\trunk\core\web\filters\CFilterChain.php(130): CInlineFilter->filter(Object(CFilterChain))
#10 X:\home\yiitest\trunk\core\web\CController.php(291): CFilterChain->run()
#11 X:\home\yiitest\trunk\core\web\CController.php(265): CController->runActionWithFilters(Object(CInlineAction), Array)
#12 X:\home\yiitest\trunk\core\web\CWebApplication.php(282): CController->run('index')
#13 X:\home\yiitest\trunk\core\web\CWebApplication.php(141): CWebApplication->runController('post/index')
#14 X:\home\yiitest\trunk\core\base\CApplication.php(169): CWebApplication->processRequest()
#15 X:\home\yiitest\trunk\index.php(11): CApplication->run()
#16 {main}
REQUEST_URI=/index.php/post/index
HTTP_REFERER=http://trunk.yiitest/index.php/chathandler/contact
---
2013/03/16 11:37:00 [error] [exception.CHttpException.500] exception 'CHttpException' with message 'This application requires that PHP was compiled with Blowfish support for crypt().' in X:\home\yiitest\trunk\protected\controllers\SiteController.php:67
Stack trace:
#0 X:\home\yiitest\trunk\core\web\actions\CInlineAction.php(49): SiteController->actionLogin()
#1 X:\home\yiitest\trunk\core\web\CController.php(308): CInlineAction->runWithParams(Array)
#2 X:\home\yiitest\trunk\core\web\CController.php(286): CController->runAction(Object(CInlineAction))
#3 X:\home\yiitest\trunk\core\web\CController.php(265): CController->runActionWithFilters(Object(CInlineAction), Array)
#4 X:\home\yiitest\trunk\core\web\CWebApplication.php(282): CController->run('login')
#5 X:\home\yiitest\trunk\core\web\CWebApplication.php(141): CWebApplication->runController('site/login')
#6 X:\home\yiitest\trunk\core\base\CApplication.php(169): CWebApplication->processRequest()
#7 X:\home\yiitest\trunk\index.php(11): CApplication->run()
#8 {main}
REQUEST_URI=/index.php/site/login
HTTP_REFERER=http://trunk.yiitest/index.php/site/contact
---
2013/03/16 11:37:02 [error] [system.db.CDbCommand] CDbCommand::fetchAll() failed: SQLSTATE[42S02]: Base table or view not found: 1146 Table 'yiitest.post' doesn't exist. The SQL statement executed was: SHOW FULL COLUMNS FROM `post`.
2013/03/16 11:37:02 [error] [exception.CDbException] exception 'CDbException' with message 'The table "{{post}}" for active record class "Post" cannot be found in the database.' in X:\home\yiitest\trunk\core\db\ar\CActiveRecord.php:2310
Stack trace:
#0 X:\home\yiitest\trunk\core\db\ar\CActiveRecord.php(387): CActiveRecordMetaData->__construct(Object(Post))
#1 X:\home\yiitest\trunk\core\web\CActiveDataProvider.php(74): CActiveRecord::model('Post')
#2 X:\home\yiitest\trunk\protected\controllers\PostController.php(132): CActiveDataProvider->__construct('Post', Array)
#3 X:\home\yiitest\trunk\core\web\actions\CInlineAction.php(49): PostController->actionIndex()
#4 X:\home\yiitest\trunk\core\web\CController.php(308): CInlineAction->runWithParams(Array)
#5 X:\home\yiitest\trunk\core\web\filters\CFilterChain.php(133): CController->runAction(Object(CInlineAction))
#6 X:\home\yiitest\trunk\core\web\filters\CFilter.php(40): CFilterChain->run()
#7 X:\home\yiitest\trunk\core\web\CController.php(1145): CFilter->filter(Object(CFilterChain))
#8 X:\home\yiitest\trunk\core\web\filters\CInlineFilter.php(58): CController->filterAccessControl(Object(CFilterChain))
#9 X:\home\yiitest\trunk\core\web\filters\CFilterChain.php(130): CInlineFilter->filter(Object(CFilterChain))
#10 X:\home\yiitest\trunk\core\web\CController.php(291): CFilterChain->run()
#11 X:\home\yiitest\trunk\core\web\CController.php(265): CController->runActionWithFilters(Object(CInlineAction), Array)
#12 X:\home\yiitest\trunk\core\web\CWebApplication.php(282): CController->run('index')
#13 X:\home\yiitest\trunk\core\web\CWebApplication.php(141): CWebApplication->runController('post/index')
#14 X:\home\yiitest\trunk\core\base\CApplication.php(169): CWebApplication->processRequest()
#15 X:\home\yiitest\trunk\index.php(11): CApplication->run()
#16 {main}
REQUEST_URI=/index.php/post/index
HTTP_REFERER=http://trunk.yiitest/index.php/site/login
---
2013/03/16 11:38:56 [error] [system.db.CDbCommand] CDbCommand::fetchAll() failed: SQLSTATE[42S02]: Base table or view not found: 1146 Table 'yiitest.post' doesn't exist. The SQL statement executed was: SHOW FULL COLUMNS FROM `post`.
2013/03/16 11:38:56 [error] [exception.CDbException] exception 'CDbException' with message 'The table "{{post}}" for active record class "Post" cannot be found in the database.' in X:\home\yiitest\trunk\core\db\ar\CActiveRecord.php:2310
Stack trace:
#0 X:\home\yiitest\trunk\core\db\ar\CActiveRecord.php(387): CActiveRecordMetaData->__construct(Object(Post))
#1 X:\home\yiitest\trunk\core\web\CActiveDataProvider.php(74): CActiveRecord::model('Post')
#2 X:\home\yiitest\trunk\protected\controllers\PostController.php(132): CActiveDataProvider->__construct('Post', Array)
#3 X:\home\yiitest\trunk\core\web\actions\CInlineAction.php(49): PostController->actionIndex()
#4 X:\home\yiitest\trunk\core\web\CController.php(308): CInlineAction->runWithParams(Array)
#5 X:\home\yiitest\trunk\core\web\filters\CFilterChain.php(133): CController->runAction(Object(CInlineAction))
#6 X:\home\yiitest\trunk\core\web\filters\CFilter.php(40): CFilterChain->run()
#7 X:\home\yiitest\trunk\core\web\CController.php(1145): CFilter->filter(Object(CFilterChain))
#8 X:\home\yiitest\trunk\core\web\filters\CInlineFilter.php(58): CController->filterAccessControl(Object(CFilterChain))
#9 X:\home\yiitest\trunk\core\web\filters\CFilterChain.php(130): CInlineFilter->filter(Object(CFilterChain))
#10 X:\home\yiitest\trunk\core\web\CController.php(291): CFilterChain->run()
#11 X:\home\yiitest\trunk\core\web\CController.php(265): CController->runActionWithFilters(Object(CInlineAction), Array)
#12 X:\home\yiitest\trunk\core\web\CWebApplication.php(282): CController->run('index')
#13 X:\home\yiitest\trunk\core\web\CWebApplication.php(141): CWebApplication->runController('post/index')
#14 X:\home\yiitest\trunk\core\base\CApplication.php(169): CWebApplication->processRequest()
#15 X:\home\yiitest\trunk\index.php(11): CApplication->run()
#16 {main}
REQUEST_URI=/index.php/post/index
HTTP_REFERER=http://trunk.yiitest/index.php/site/login
---
2013/03/16 11:38:58 [error] [system.db.CDbCommand] CDbCommand::fetchAll() failed: SQLSTATE[42S02]: Base table or view not found: 1146 Table 'yiitest.post' doesn't exist. The SQL statement executed was: SHOW FULL COLUMNS FROM `post`.
2013/03/16 11:38:58 [error] [exception.CDbException] exception 'CDbException' with message 'The table "{{post}}" for active record class "Post" cannot be found in the database.' in X:\home\yiitest\trunk\core\db\ar\CActiveRecord.php:2310
Stack trace:
#0 X:\home\yiitest\trunk\core\db\ar\CActiveRecord.php(387): CActiveRecordMetaData->__construct(Object(Post))
#1 X:\home\yiitest\trunk\core\web\CActiveDataProvider.php(74): CActiveRecord::model('Post')
#2 X:\home\yiitest\trunk\protected\controllers\PostController.php(132): CActiveDataProvider->__construct('Post', Array)
#3 X:\home\yiitest\trunk\core\web\actions\CInlineAction.php(49): PostController->actionIndex()
#4 X:\home\yiitest\trunk\core\web\CController.php(308): CInlineAction->runWithParams(Array)
#5 X:\home\yiitest\trunk\core\web\filters\CFilterChain.php(133): CController->runAction(Object(CInlineAction))
#6 X:\home\yiitest\trunk\core\web\filters\CFilter.php(40): CFilterChain->run()
#7 X:\home\yiitest\trunk\core\web\CController.php(1145): CFilter->filter(Object(CFilterChain))
#8 X:\home\yiitest\trunk\core\web\filters\CInlineFilter.php(58): CController->filterAccessControl(Object(CFilterChain))
#9 X:\home\yiitest\trunk\core\web\filters\CFilterChain.php(130): CInlineFilter->filter(Object(CFilterChain))
#10 X:\home\yiitest\trunk\core\web\CController.php(291): CFilterChain->run()
#11 X:\home\yiitest\trunk\core\web\CController.php(265): CController->runActionWithFilters(Object(CInlineAction), Array)
#12 X:\home\yiitest\trunk\core\web\CWebApplication.php(282): CController->run('index')
#13 X:\home\yiitest\trunk\core\web\CWebApplication.php(141): CWebApplication->runController('post/index')
#14 X:\home\yiitest\trunk\core\base\CApplication.php(169): CWebApplication->processRequest()
#15 X:\home\yiitest\trunk\index.php(11): CApplication->run()
#16 {main}
REQUEST_URI=/index.php/post/index
HTTP_REFERER=http://trunk.yiitest/index.php/site/login
---
2013/03/16 11:38:59 [error] [system.db.CDbCommand] CDbCommand::fetchAll() failed: SQLSTATE[42S02]: Base table or view not found: 1146 Table 'yiitest.post' doesn't exist. The SQL statement executed was: SHOW FULL COLUMNS FROM `post`.
2013/03/16 11:38:59 [error] [exception.CDbException] exception 'CDbException' with message 'The table "{{post}}" for active record class "Post" cannot be found in the database.' in X:\home\yiitest\trunk\core\db\ar\CActiveRecord.php:2310
Stack trace:
#0 X:\home\yiitest\trunk\core\db\ar\CActiveRecord.php(387): CActiveRecordMetaData->__construct(Object(Post))
#1 X:\home\yiitest\trunk\core\web\CActiveDataProvider.php(74): CActiveRecord::model('Post')
#2 X:\home\yiitest\trunk\protected\controllers\PostController.php(132): CActiveDataProvider->__construct('Post', Array)
#3 X:\home\yiitest\trunk\core\web\actions\CInlineAction.php(49): PostController->actionIndex()
#4 X:\home\yiitest\trunk\core\web\CController.php(308): CInlineAction->runWithParams(Array)
#5 X:\home\yiitest\trunk\core\web\filters\CFilterChain.php(133): CController->runAction(Object(CInlineAction))
#6 X:\home\yiitest\trunk\core\web\filters\CFilter.php(40): CFilterChain->run()
#7 X:\home\yiitest\trunk\core\web\CController.php(1145): CFilter->filter(Object(CFilterChain))
#8 X:\home\yiitest\trunk\core\web\filters\CInlineFilter.php(58): CController->filterAccessControl(Object(CFilterChain))
#9 X:\home\yiitest\trunk\core\web\filters\CFilterChain.php(130): CInlineFilter->filter(Object(CFilterChain))
#10 X:\home\yiitest\trunk\core\web\CController.php(291): CFilterChain->run()
#11 X:\home\yiitest\trunk\core\web\CController.php(265): CController->runActionWithFilters(Object(CInlineAction), Array)
#12 X:\home\yiitest\trunk\core\web\CWebApplication.php(282): CController->run('index')
#13 X:\home\yiitest\trunk\core\web\CWebApplication.php(141): CWebApplication->runController('post/index')
#14 X:\home\yiitest\trunk\core\base\CApplication.php(169): CWebApplication->processRequest()
#15 X:\home\yiitest\trunk\index.php(11): CApplication->run()
#16 {main}
REQUEST_URI=/index.php/post/index
HTTP_REFERER=http://trunk.yiitest/index.php/site/login
---
